  comSocket.cpp
  Generating Code...
  Compiling...
  RTSQueue.cpp
  NWSocket.cpp
e:\infinia-library-3.0\network\iocp\src\nwsocket.cpp(313): warning C4244: 'initializing': conversion from 'SOCKET' to 'int', possible loss of data
e:\infinia-library-3.0\network\iocp\src\nwsocket.cpp(368): warning C4477: 'sprintf' : format string '%lu' requires an argument of type 'unsigned long', but variadic argument 3 has type 'SOCKET'
  e:\infinia-library-3.0\network\iocp\src\nwsocket.cpp(368): note: consider using '%llu' in the format string
  e:\infinia-library-3.0\network\iocp\src\nwsocket.cpp(368): note: consider using '%Iu' in the format string
  e:\infinia-library-3.0\network\iocp\src\nwsocket.cpp(368): note: consider using '%I64u' in the format string
e:\infinia-library-3.0\network\iocp\src\nwsocket.cpp(375): warning C4477: 'sprintf' : format string '%lu' requires an argument of type 'unsigned long', but variadic argument 2 has type 'SOCKET'
  e:\infinia-library-3.0\network\iocp\src\nwsocket.cpp(375): note: consider using '%llu' in the format string
  e:\infinia-library-3.0\network\iocp\src\nwsocket.cpp(375): note: consider using '%Iu' in the format string
  e:\infinia-library-3.0\network\iocp\src\nwsocket.cpp(375): note: consider using '%I64u' in the format string
e:\infinia-library-3.0\network\iocp\src\nwsocket.cpp(420): warning C4477: 'sprintf' : format string '%lu' requires an argument of type 'unsigned long', but variadic argument 3 has type 'SOCKET'
  e:\infinia-library-3.0\network\iocp\src\nwsocket.cpp(420): note: consider using '%llu' in the format string
  e:\infinia-library-3.0\network\iocp\src\nwsocket.cpp(420): note: consider using '%Iu' in the format string
  e:\infinia-library-3.0\network\iocp\src\nwsocket.cpp(420): note: consider using '%I64u' in the format string
e:\infinia-library-3.0\network\iocp\src\nwsocket.cpp(436): warning C4477: 'sprintf' : format string '%lu' requires an argument of type 'unsigned long', but variadic argument 3 has type 'SOCKET'
  e:\infinia-library-3.0\network\iocp\src\nwsocket.cpp(436): note: consider using '%llu' in the format string
  e:\infinia-library-3.0\network\iocp\src\nwsocket.cpp(436): note: consider using '%Iu' in the format string
  e:\infinia-library-3.0\network\iocp\src\nwsocket.cpp(436): note: consider using '%I64u' in the format string
e:\infinia-library-3.0\network\iocp\src\nwsocket.cpp(447): warning C4477: 'sprintf' : format string '%lu' requires an argument of type 'unsigned long', but variadic argument 3 has type 'SOCKET'
  e:\infinia-library-3.0\network\iocp\src\nwsocket.cpp(447): note: consider using '%llu' in the format string
  e:\infinia-library-3.0\network\iocp\src\nwsocket.cpp(447): note: consider using '%Iu' in the format string
  e:\infinia-library-3.0\network\iocp\src\nwsocket.cpp(447): note: consider using '%I64u' in the format string
  NWSessionManager.cpp
  NWHandler.cpp
  NWGlobal.cpp
  NWCommunicator.cpp
e:\infinia-library-3.0\network\iocp\src\nwcommunicator.cpp(236): warning C4244: 'initializing': conversion from 'SOCKET' to 'int', possible loss of data
e:\infinia-library-3.0\network\iocp\src\nwcommunicator.cpp(414): warning C4477: 'sprintf' : format string '%u' requires an argument of type 'unsigned int', but variadic argument 2 has type 'SOCKET'
  e:\infinia-library-3.0\network\iocp\src\nwcommunicator.cpp(414): note: consider using '%llu' in the format string
  e:\infinia-library-3.0\network\iocp\src\nwcommunicator.cpp(414): note: consider using '%Iu' in the format string
  e:\infinia-library-3.0\network\iocp\src\nwcommunicator.cpp(414): note: consider using '%I64u' in the format string
  Generating Code...
  network.vcxproj -> E:\InfiniA-Library-3.0\network\../Lib\x64\Debug\iocp\ehNet.lib
