e:\infinia-library-3.0\com\win32\debug\com.pdb
e:\infinia-library-3.0\com\win32\debug\com.idb
e:\infinia-library-3.0\com\win32\debug\win32_mtsync.obj
e:\infinia-library-3.0\com\win32\debug\win32_mtsync.cod
e:\infinia-library-3.0\com\win32\debug\combufpool.obj
e:\infinia-library-3.0\com\win32\debug\combufpool.cod
e:\infinia-library-3.0\com\win32\debug\comcore.obj
e:\infinia-library-3.0\com\win32\debug\comcore.cod
e:\infinia-library-3.0\com\win32\debug\comdatetime.obj
e:\infinia-library-3.0\com\win32\debug\comdatetime.cod
e:\infinia-library-3.0\com\win32\debug\comdualkeyhash.obj
e:\infinia-library-3.0\com\win32\debug\comdualkeyhash.cod
e:\infinia-library-3.0\com\win32\debug\comenv.obj
e:\infinia-library-3.0\com\win32\debug\comenv.cod
e:\infinia-library-3.0\com\win32\debug\comfileutil.obj
e:\infinia-library-3.0\com\win32\debug\comfileutil.cod
e:\infinia-library-3.0\com\win32\debug\comhash.obj
e:\infinia-library-3.0\com\win32\debug\comhash.cod
e:\infinia-library-3.0\com\win32\debug\comlist.obj
e:\infinia-library-3.0\com\win32\debug\comlist.cod
e:\infinia-library-3.0\com\win32\debug\comqueue.obj
e:\infinia-library-3.0\com\win32\debug\comqueue.cod
e:\infinia-library-3.0\com\win32\debug\comlogger.obj
e:\infinia-library-3.0\com\win32\debug\comlogger.cod
e:\infinia-library-3.0\com\win32\debug\commemmanager.obj
e:\infinia-library-3.0\com\win32\debug\commemmanager.cod
e:\infinia-library-3.0\com\win32\debug\commstring.obj
e:\infinia-library-3.0\com\win32\debug\commstring.cod
e:\infinia-library-3.0\com\win32\debug\wvsocket.obj
e:\infinia-library-3.0\com\win32\debug\wvsocket.cod
e:\infinia-library-3.0\com\win32\debug\comprofileutil.obj
e:\infinia-library-3.0\com\win32\debug\comprofileutil.cod
e:\infinia-library-3.0\lib\win32\debug\ehcom.lib
e:\infinia-library-3.0\com\../lib\win32\debug\ehcom.lib
e:\infinia-library-3.0\com\win32\debug\com.tlog\cl.command.1.tlog
e:\infinia-library-3.0\com\win32\debug\com.tlog\cl.read.1.tlog
e:\infinia-library-3.0\com\win32\debug\com.tlog\cl.write.1.tlog
e:\infinia-library-3.0\com\win32\debug\com.tlog\lib-link.read.1.tlog
e:\infinia-library-3.0\com\win32\debug\com.tlog\lib-link.write.1.tlog
e:\infinia-library-3.0\com\win32\debug\com.tlog\lib.command.1.tlog
