e:\infinia-library-3.0\com\win32\release\com.pdb
e:\infinia-library-3.0\com\win32\release\wvsocket.obj
e:\infinia-library-3.0\com\win32\release\wvsocket.cod
e:\infinia-library-3.0\com\win32\release\commstring.obj
e:\infinia-library-3.0\com\win32\release\commstring.cod
e:\infinia-library-3.0\com\win32\release\commemmanager.obj
e:\infinia-library-3.0\com\win32\release\commemmanager.cod
e:\infinia-library-3.0\com\win32\release\comlogger.obj
e:\infinia-library-3.0\com\win32\release\comlogger.cod
e:\infinia-library-3.0\com\win32\release\comqueue.obj
e:\infinia-library-3.0\com\win32\release\comqueue.cod
e:\infinia-library-3.0\com\win32\release\comlist.obj
e:\infinia-library-3.0\com\win32\release\comlist.cod
e:\infinia-library-3.0\com\win32\release\comhash.obj
e:\infinia-library-3.0\com\win32\release\comhash.cod
e:\infinia-library-3.0\com\win32\release\comfileutil.obj
e:\infinia-library-3.0\com\win32\release\comfileutil.cod
e:\infinia-library-3.0\com\win32\release\comenv.obj
e:\infinia-library-3.0\com\win32\release\comenv.cod
e:\infinia-library-3.0\com\win32\release\comdualkeyhash.obj
e:\infinia-library-3.0\com\win32\release\comdualkeyhash.cod
e:\infinia-library-3.0\com\win32\release\comdatetime.obj
e:\infinia-library-3.0\com\win32\release\comdatetime.cod
e:\infinia-library-3.0\com\win32\release\comcore.obj
e:\infinia-library-3.0\com\win32\release\comcore.cod
e:\infinia-library-3.0\com\win32\release\combufpool.obj
e:\infinia-library-3.0\com\win32\release\combufpool.cod
e:\infinia-library-3.0\com\win32\release\win32_mtsync.obj
e:\infinia-library-3.0\com\win32\release\win32_mtsync.cod
e:\infinia-library-3.0\com\win32\release\comprofileutil.obj
e:\infinia-library-3.0\com\win32\release\comprofileutil.cod
e:\infinia-library-3.0\lib\win32\release\ehcom.lib
e:\infinia-library-3.0\com\../lib\win32\release\ehcom.lib
e:\infinia-library-3.0\com\win32\release\com.tlog\cl.command.1.tlog
e:\infinia-library-3.0\com\win32\release\com.tlog\cl.read.1.tlog
e:\infinia-library-3.0\com\win32\release\com.tlog\cl.write.1.tlog
e:\infinia-library-3.0\com\win32\release\com.tlog\lib-link.read.1.tlog
e:\infinia-library-3.0\com\win32\release\com.tlog\lib-link.write.1.tlog
e:\infinia-library-3.0\com\win32\release\com.tlog\lib.command.1.tlog
