  comSocket.cpp
  NWCommunicator.cpp
iocp\src\NWCommunicator.cpp(236): warning C4244: 'initializing': conversion from 'SOCKET' to 'int', possible loss of data
iocp\src\NWCommunicator.cpp(414): warning C4477: 'sprintf' : format string '%u' requires an argument of type 'unsigned int', but variadic argument 2 has type 'SOCKET'
  iocp\src\NWCommunicator.cpp(414): note: consider using '%llu' in the format string
  iocp\src\NWCommunicator.cpp(414): note: consider using '%Iu' in the format string
  iocp\src\NWCommunicator.cpp(414): note: consider using '%I64u' in the format string
  NWGlobal.cpp
  NWHandler.cpp
  NWSessionManager.cpp
  NWSocket.cpp
iocp\src\NWSocket.cpp(313): warning C4244: 'initializing': conversion from 'SOCKET' to 'int', possible loss of data
iocp\src\NWSocket.cpp(368): warning C4477: 'sprintf' : format string '%lu' requires an argument of type 'unsigned long', but variadic argument 3 has type 'SOCKET'
  iocp\src\NWSocket.cpp(368): note: consider using '%llu' in the format string
  iocp\src\NWSocket.cpp(368): note: consider using '%Iu' in the format string
  iocp\src\NWSocket.cpp(368): note: consider using '%I64u' in the format string
iocp\src\NWSocket.cpp(375): warning C4477: 'sprintf' : format string '%lu' requires an argument of type 'unsigned long', but variadic argument 2 has type 'SOCKET'
  iocp\src\NWSocket.cpp(375): note: consider using '%llu' in the format string
  iocp\src\NWSocket.cpp(375): note: consider using '%Iu' in the format string
  iocp\src\NWSocket.cpp(375): note: consider using '%I64u' in the format string
iocp\src\NWSocket.cpp(420): warning C4477: 'sprintf' : format string '%lu' requires an argument of type 'unsigned long', but variadic argument 3 has type 'SOCKET'
  iocp\src\NWSocket.cpp(420): note: consider using '%llu' in the format string
  iocp\src\NWSocket.cpp(420): note: consider using '%Iu' in the format string
  iocp\src\NWSocket.cpp(420): note: consider using '%I64u' in the format string
iocp\src\NWSocket.cpp(436): warning C4477: 'sprintf' : format string '%lu' requires an argument of type 'unsigned long', but variadic argument 3 has type 'SOCKET'
  iocp\src\NWSocket.cpp(436): note: consider using '%llu' in the format string
  iocp\src\NWSocket.cpp(436): note: consider using '%Iu' in the format string
  iocp\src\NWSocket.cpp(436): note: consider using '%I64u' in the format string
iocp\src\NWSocket.cpp(447): warning C4477: 'sprintf' : format string '%lu' requires an argument of type 'unsigned long', but variadic argument 3 has type 'SOCKET'
  iocp\src\NWSocket.cpp(447): note: consider using '%llu' in the format string
  iocp\src\NWSocket.cpp(447): note: consider using '%Iu' in the format string
  iocp\src\NWSocket.cpp(447): note: consider using '%I64u' in the format string
  RTSQueue.cpp
  network.vcxproj -> E:\InfiniA-Library-3.0\network\../Lib\x64\Release\iocp\ehNet.lib
