d:\project\infinia_sub_180628\infinia-library-master\redis-3.2\src\win32_interop\win32\release\win32_interop.pdb
d:\project\infinia_sub_180628\infinia-library-master\redis-3.2\src\win32_interop\win32\release\win32_wsiocp.obj
d:\project\infinia_sub_180628\infinia-library-master\redis-3.2\src\win32_interop\win32\release\win32_time.obj
d:\project\infinia_sub_180628\infinia-library-master\redis-3.2\src\win32_interop\win32\release\win32_threadcontrol.obj
d:\project\infinia_sub_180628\infinia-library-master\redis-3.2\src\win32_interop\win32\release\win32_signal_process.obj
d:\project\infinia_sub_180628\infinia-library-master\redis-3.2\src\win32_interop\win32\release\win32_redislog.obj
d:\project\infinia_sub_180628\infinia-library-master\redis-3.2\src\win32_interop\win32\release\win32_qfork_impl.obj
d:\project\infinia_sub_180628\infinia-library-master\redis-3.2\src\win32_interop\win32\release\win32_pthread.obj
d:\project\infinia_sub_180628\infinia-library-master\redis-3.2\src\win32_interop\win32\release\win32_error.obj
d:\project\infinia_sub_180628\infinia-library-master\redis-3.2\src\win32_interop\win32\release\win32_dlmalloc.obj
d:\project\infinia_sub_180628\infinia-library-master\redis-3.2\src\win32_interop\win32\release\win32_apis.obj
d:\project\infinia_sub_180628\infinia-library-master\redis-3.2\src\win32_interop\win32\release\win32_ansi.obj
d:\project\infinia_sub_180628\infinia-library-master\redis-3.2\src\win32_interop\win32\release\win32fixes.obj
d:\project\infinia_sub_180628\infinia-library-master\redis-3.2\src\win32_interop\win32\release\win32_variadicfunctor.obj
d:\project\infinia_sub_180628\infinia-library-master\redis-3.2\src\win32_interop\win32\release\win32_stacktrace.obj
d:\project\infinia_sub_180628\infinia-library-master\redis-3.2\src\win32_interop\win32\release\win32_service.obj
d:\project\infinia_sub_180628\infinia-library-master\redis-3.2\src\win32_interop\win32\release\win32_rfdmap.obj
d:\project\infinia_sub_180628\infinia-library-master\redis-3.2\src\win32_interop\win32\release\win32_qfork.obj
d:\project\infinia_sub_180628\infinia-library-master\redis-3.2\src\win32_interop\win32\release\win32_fdapi_crt.obj
d:\project\infinia_sub_180628\infinia-library-master\redis-3.2\src\win32_interop\win32\release\win32_fdapi.obj
d:\project\infinia_sub_180628\infinia-library-master\redis-3.2\src\win32_interop\win32\release\win32_eventlog.obj
d:\project\infinia_sub_180628\infinia-library-master\redis-3.2\src\win32_interop\win32\release\win32_common.obj
d:\project\infinia_sub_180628\infinia-library-master\redis-3.2\src\win32_interop\win32\release\win32_commandline.obj
d:\project\infinia_sub_180628\infinia-library-master\redis-3.2\src\win32_interop\eventlog.h
d:\project\infinia_sub_180628\infinia-library-master\redis-3.2\msvs\win32\release\win32_interop.lib
d:\project\infinia_sub_180628\infinia-library-master\redis-3.2\src\win32_interop\win32\release\win32_interop.tlog\cl.command.1.tlog
d:\project\infinia_sub_180628\infinia-library-master\redis-3.2\src\win32_interop\win32\release\win32_interop.tlog\cl.read.1.tlog
d:\project\infinia_sub_180628\infinia-library-master\redis-3.2\src\win32_interop\win32\release\win32_interop.tlog\cl.write.1.tlog
d:\project\infinia_sub_180628\infinia-library-master\redis-3.2\src\win32_interop\win32\release\win32_interop.tlog\custombuild.command.1.tlog
d:\project\infinia_sub_180628\infinia-library-master\redis-3.2\src\win32_interop\win32\release\win32_interop.tlog\custombuild.read.1.tlog
d:\project\infinia_sub_180628\infinia-library-master\redis-3.2\src\win32_interop\win32\release\win32_interop.tlog\custombuild.write.1.tlog
d:\project\infinia_sub_180628\infinia-library-master\redis-3.2\src\win32_interop\win32\release\win32_interop.tlog\lib-link.read.1.tlog
d:\project\infinia_sub_180628\infinia-library-master\redis-3.2\src\win32_interop\win32\release\win32_interop.tlog\lib-link.write.1.tlog
d:\project\infinia_sub_180628\infinia-library-master\redis-3.2\src\win32_interop\win32\release\win32_interop.tlog\lib.command.1.tlog
