  Performing Custom Build Tools
  하위 디렉터리 또는 파일 resources이(가) 이미 있습니다.
  MC: Compiling EventLog.mc
  Microsoft (R) Windows (R) Resource Compiler Version 6.2.9200.16384
  
  Copyright (C) Microsoft Corporation.  All rights reserved.
  
  
  Microsoft (R) Incremental Linker Version 14.00.24215.1
  Copyright (C) Microsoft Corporation.  All rights reserved.
  
LINK : warning LNK4068: /MACHINE not specified; defaulting to X86
  win32fixes.c
  Win32_ANSI.c
  Win32_APIs.c
  Win32_dlmalloc.c
  Win32_Error.c
  Win32_PThread.c
  Win32_QFork_impl.c
d:\project\infinia_sub_180628\infinia-library-master\redis-3.2\src\sds.h(153): warning C4244: 'return': conversion from 'uint64_t' to 'std::size_t', possible loss of data
d:\project\infinia_sub_180628\infinia-library-master\redis-3.2\src\sds.h(178): warning C4244: 'return': conversion from 'uint64_t' to 'std::size_t', possible loss of data
d:\project\infinia_sub_180628\infinia-library-master\redis-3.2\src\sds.h(246): warning C4244: 'return': conversion from 'uint64_t' to 'std::size_t', possible loss of data
  Win32_RedisLog.c
  Win32_Signal_Process.c
  Win32_ThreadControl.c
  Win32_Time.c
  win32_wsiocp.c
  Win32_CommandLine.cpp
  Win32_Common.cpp
  Win32_EventLog.cpp
  Win32_FDAPI.cpp
  Win32_fdapi_crt.cpp
  Win32_QFork.cpp
  win32_rfdmap.cpp
  Win32_service.cpp
  Win32_StackTrace.cpp
C:\Program Files (x86)\Windows Kits\8.1\Include\um\DbgHelp.h(1544): warning C4091: 'typedef ': ignored on left of '' when no variable is declared
C:\Program Files (x86)\Windows Kits\8.1\Include\um\DbgHelp.h(3190): warning C4091: 'typedef ': ignored on left of '' when no variable is declared
  Win32_variadicFunctor.cpp
  Win32_Interop.vcxproj -> D:\project\InfiniA_Sub_180628\InfiniA-Library-master\redis-3.2\msvs\Win32\Release\Win32_Interop.lib
